src/utils/async_api_cache.py:286: error: Returning Any from function declared to return "list[Any]"  [no-any-return]
src/utils/fetcher.py:90: error: Returning Any from function declared to return "dict[str, Any]"  [no-any-return]
src/utils/api_manager.py:71: error: Item "AsyncAPICache" of "APICache | AsyncAPICache" has no attribute "clear"  [union-attr]
src/utils/api_manager.py:83: error: Item "AsyncAPICache" of "APICache | AsyncAPICache" has no attribute "clear"  [union-attr]
src/utils/api_manager.py:114: error: Item "AsyncAPICache" of "APICache | AsyncAPICache" has no attribute "get_stats"  [union-attr]
src/utils/api_manager.py:160: error: Item "APICache" of "APICache | AsyncAPICache" has no attribute "aclear"  [union-attr]
src/utils/api_manager.py:174: error: Item "APICache" of "APICache | AsyncAPICache" has no attribute "aclear"  [union-attr]
src/utils/api_manager.py:217: error: Item "BaseException" of "Any | BaseException" has no attribute "get"  [union-attr]
src/utils/api_manager.py:218: error: Item "BaseException" of "Any | BaseException" has no attribute "get"  [union-attr]
src/workflows/patients_summarizer_workflow.py:367: error: "Sequence[str]" has no attribute "append"  [attr-defined]
src/workflows/patients_summarizer_workflow.py:442: error: "Sequence[str]" has no attribute "append"  [attr-defined]
src/cli/patients_summarizer.py:85: error: Missing type parameters for generic type "Dict"  [type-arg]
src/cli/patients_summarizer.py:106: error: Missing type parameters for generic type "Dict"  [type-arg]
src/workflows/trials_processor_workflow.py:104: error: Need type annotation for "processed_trials" (hint: "processed_trials: list[<type>] = ...")  [var-annotated]
src/workflows/trials_processor_workflow.py:442: error: Incompatible return value type (got "tuple[Any, bool]", expected "tuple[list[Any], int, int]")  [return-value]
src/optimization/pairwise_cross_validation.py:117: error: Returning Any from function declared to return "list[dict[str, Any]]"  [no-any-return]
src/optimization/pairwise_cross_validation.py:196: error: Function is missing a type annotation  [no-untyped-def]
src/optimization/pairwise_cross_validation.py:239: error: Missing named argument "memory_usage_mb" for "BenchmarkResult"  [call-arg]
src/optimization/pairwise_cross_validation.py:239: error: Missing named argument "entities_extracted" for "BenchmarkResult"  [call-arg]
src/optimization/pairwise_cross_validation.py:239: error: Missing named argument "entities_mapped" for "BenchmarkResult"  [call-arg]
src/optimization/pairwise_cross_validation.py:239: error: Missing named argument "extraction_completeness" for "BenchmarkResult"  [call-arg]
src/optimization/pairwise_cross_validation.py:239: error: Missing named argument "mapping_accuracy" for "BenchmarkResult"  [call-arg]
src/optimization/pairwise_cross_validation.py:239: error: Missing named argument "precision" for "BenchmarkResult"  [call-arg]
src/optimization/pairwise_cross_validation.py:239: error: Missing named argument "recall" for "BenchmarkResult"  [call-arg]
src/optimization/pairwise_cross_validation.py:239: error: Missing named argument "f1_score" for "BenchmarkResult"  [call-arg]
src/optimization/pairwise_cross_validation.py:239: error: Missing named argument "compliance_score" for "BenchmarkResult"  [call-arg]
src/optimization/pairwise_cross_validation.py:239: error: Missing named argument "prompt_variant_id" for "BenchmarkResult"  [call-arg]
src/optimization/pairwise_cross_validation.py:239: error: Missing named argument "api_config_name" for "BenchmarkResult"  [call-arg]
src/optimization/pairwise_cross_validation.py:239: error: Missing named argument "test_case_id" for "BenchmarkResult"  [call-arg]
src/optimization/pairwise_cross_validation.py:239: error: Missing named argument "pipeline_type" for "BenchmarkResult"  [call-arg]
src/optimization/pairwise_cross_validation.py:239: error: Missing named argument "start_time" for "BenchmarkResult"  [call-arg]
src/optimization/pairwise_cross_validation.py:239: error: Missing named argument "end_time" for "BenchmarkResult"  [call-arg]
src/optimization/pairwise_cross_validation.py:239: error: Missing named argument "duration_ms" for "BenchmarkResult"  [call-arg]
src/optimization/pairwise_cross_validation.py:239: error: Missing named argument "success" for "BenchmarkResult"  [call-arg]
src/optimization/pairwise_cross_validation.py:239: error: Missing named argument "error_message" for "BenchmarkResult"  [call-arg]
src/optimization/pairwise_cross_validation.py:242: error: Argument "pipeline_result" to "BenchmarkResult" has incompatible type "Coroutine[Any, Any, PipelineResult]"; expected "PipelineResult"  [arg-type]
src/optimization/pairwise_cross_validation.py:242: note: Maybe you forgot to use "await"?
src/optimization/pairwise_cross_validation.py:260: error: Missing named argument "memory_usage_mb" for "BenchmarkResult"  [call-arg]
src/optimization/pairwise_cross_validation.py:260: error: Missing named argument "entities_extracted" for "BenchmarkResult"  [call-arg]
src/optimization/pairwise_cross_validation.py:260: error: Missing named argument "entities_mapped" for "BenchmarkResult"  [call-arg]
src/optimization/pairwise_cross_validation.py:260: error: Missing named argument "extraction_completeness" for "BenchmarkResult"  [call-arg]
src/optimization/pairwise_cross_validation.py:260: error: Missing named argument "mapping_accuracy" for "BenchmarkResult"  [call-arg]
src/optimization/pairwise_cross_validation.py:260: error: Missing named argument "precision" for "BenchmarkResult"  [call-arg]
src/optimization/pairwise_cross_validation.py:260: error: Missing named argument "recall" for "BenchmarkResult"  [call-arg]
src/optimization/pairwise_cross_validation.py:260: error: Missing named argument "f1_score" for "BenchmarkResult"  [call-arg]
src/optimization/pairwise_cross_validation.py:260: error: Missing named argument "compliance_score" for "BenchmarkResult"  [call-arg]
src/optimization/pairwise_cross_validation.py:260: error: Missing named argument "prompt_variant_id" for "BenchmarkResult"  [call-arg]
src/optimization/pairwise_cross_validation.py:260: error: Missing named argument "api_config_name" for "BenchmarkResult"  [call-arg]
src/optimization/pairwise_cross_validation.py:260: error: Missing named argument "test_case_id" for "BenchmarkResult"  [call-arg]
src/optimization/pairwise_cross_validation.py:260: error: Missing named argument "pipeline_type" for "BenchmarkResult"  [call-arg]
src/optimization/pairwise_cross_validation.py:260: error: Missing named argument "start_time" for "BenchmarkResult"  [call-arg]
src/optimization/pairwise_cross_validation.py:260: error: Missing named argument "end_time" for "BenchmarkResult"  [call-arg]
src/optimization/pairwise_cross_validation.py:260: error: Missing named argument "duration_ms" for "BenchmarkResult"  [call-arg]
src/optimization/pairwise_cross_validation.py:260: error: Missing named argument "success" for "BenchmarkResult"  [call-arg]
src/optimization/pairwise_cross_validation.py:260: error: Missing named argument "error_message" for "BenchmarkResult"  [call-arg]
src/optimization/pairwise_cross_validation.py:263: error: Argument "pipeline_result" to "BenchmarkResult" has incompatible type "Coroutine[Any, Any, PipelineResult]"; expected "PipelineResult"  [arg-type]
src/optimization/pairwise_cross_validation.py:263: note: Maybe you forgot to use "await"?
src/optimization/pairwise_cross_validation.py:429: error: Returning Any from function declared to return "str"  [no-any-return]
src/optimization/pairwise_cross_validation.py:477: error: Incompatible types in assignment (expression has type "dict[str, Any]", target has type "float | int")  [assignment]
src/optimization/pairwise_cross_validation.py:516: error: Incompatible types in assignment (expression has type "dict[str, dict[str, Any]]", target has type "float | int")  [assignment]
src/optimization/pairwise_cross_validation.py:750: error: Need type annotation for "prompt_performance" (hint: "prompt_performance: dict[<type>, <type>] = ...")  [var-annotated]
src/optimization/inter_rater_reliability.py:179: error: Function is missing a type annotation  [no-untyped-def]
src/optimization/inter_rater_reliability.py:519: error: Returning Any from function declared to return "float"  [no-any-return]
src/optimization/inter_rater_reliability.py:555: error: Returning Any from function declared to return "float"  [no-any-return]
src/optimization/inter_rater_reliability.py:695: error: Returning Any from function declared to return "str"  [no-any-return]
src/optimization/inter_rater_reliability.py:761: error: Unsupported target for indexed assignment ("object")  [index]
src/optimization/inter_rater_reliability.py:765: error: Unsupported target for indexed assignment ("object")  [index]
src/optimization/execution_manager.py:18: error: Function is missing a type annotation  [no-untyped-def]
src/optimization/execution_manager.py:28: error: Missing type parameters for generic type "Dict"  [type-arg]
src/optimization/execution_manager.py:42: error: Need type annotation for "combo_results"  [var-annotated]
src/optimization/execution_manager.py:53: error: Need type annotation for "queue"  [var-annotated]
src/optimization/execution_manager.py:80: error: Function is missing a return type annotation  [no-untyped-def]
src/optimization/execution_manager.py:82: error: Missing type parameters for generic type "Queue"  [type-arg]
src/optimization/execution_manager.py:114: error: Function is missing a return type annotation  [no-untyped-def]
src/optimization/execution_manager.py:116: error: Missing type parameters for generic type "Queue"  [type-arg]
src/optimization/execution_manager.py:118: error: Missing type parameters for generic type "Dict"  [type-arg]
src/optimization/execution_manager.py:135: error: Function is missing a return type annotation  [no-untyped-def]
src/optimization/execution_manager.py:138: error: Missing type parameters for generic type "Queue"  [type-arg]
src/optimization/execution_manager.py:139: error: Missing type parameters for generic type "Dict"  [type-arg]
src/core/data_flow_coordinator.py:95: error: Argument 1 to "process_trials_in_batches" of "BatchProcessor" has incompatible type "dict[str, Any] | list[Any]"; expected "list[dict[str, Any]]"  [arg-type]
src/cli/trials_processor.py:53: error: Function is missing a type annotation for one or more arguments  [no-untyped-def]
src/cli/trials_processor.py:93: error: Function is missing a type annotation for one or more arguments  [no-untyped-def]
src/utils/concurrency.py: note: "execute_tasks" of "TaskQueue" defined here
src/utils/config.py: note: "Config" defined here
src/cli/trials_commands.py:27: error: Function is missing a return type annotation  [no-untyped-def]
src/cli/trials_commands.py:88: error: Function is missing a return type annotation  [no-untyped-def]
src/cli/trials_commands.py:114: error: Function is missing a return type annotation  [no-untyped-def]
src/cli/trials_commands.py:114: note: Use "-> None" if function does not return a value
src/cli/trials_commands.py:124: error: Call to untyped function "Args" in typed context  [no-untyped-call]
src/cli/trials_commands.py:125: error: Argument 1 to "main" has incompatible type "Args"; expected "Namespace | None"  [arg-type]
src/cli/trials_commands.py:129: error: Function is missing a return type annotation  [no-untyped-def]
src/cli/trials_commands.py:173: error: Argument 1 to "main" has incompatible type "SimpleNamespace"; expected "Namespace | None"  [arg-type]
src/cli/trials_commands.py:177: error: Function is missing a return type annotation  [no-untyped-def]
src/cli/trials_commands.py:212: error: Argument 1 to "main" has incompatible type "SimpleNamespace"; expected "Namespace | None"  [arg-type]
src/cli/patients_commands.py:25: error: Function is missing a return type annotation  [no-untyped-def]
src/cli/patients_commands.py:56: error: Argument 1 to "main" has incompatible type "SimpleNamespace"; expected "Namespace | None"  [arg-type]
src/cli/patients_commands.py:60: error: Function is missing a return type annotation  [no-untyped-def]
src/cli/patients_commands.py:90: error: Argument 1 to "main" has incompatible type "SimpleNamespace"; expected "Namespace | None"  [arg-type]
src/cli/patients_commands.py:94: error: Function is missing a return type annotation  [no-untyped-def]
src/cli/patients_commands.py:124: error: Argument 1 to "main" has incompatible type "SimpleNamespace"; expected "Namespace | None"  [arg-type]
src/cli/cli.py:115: error: Function is missing a return type annotation  [no-untyped-def]
src/cli/cli.py:217: error: Function is missing a return type annotation  [no-untyped-def]
src/cli/cli.py:242: error: Function is missing a return type annotation  [no-untyped-def]
src/cli/cli.py:242: note: Use "-> None" if function does not return a value
src/cli/cli.py:248: error: Call to untyped function "main" in typed context  [no-untyped-call]
